0 info it worked if it ends with ok
1 verbose cli [ 'C:\\Program Files\\nodejs\\node.exe',
1 verbose cli   'C:\\Program Files\\nodejs\\node_modules\\npm\\bin\\npm-cli.js',
1 verbose cli   'install',
1 verbose cli   '-',
1 verbose cli   'grunt-cli' ]
2 info using npm@2.14.12
3 info using node@v4.3.1
4 verbose install initial load of C:\work\html\edwebtools\edweb\theme\package.json
5 verbose readDependencies loading dependencies from C:\work\html\edwebtools\edweb\theme\package.json
6 silly cache add args [ '-', null ]
7 verbose cache add spec -
8 silly cache add args [ 'grunt-cli', null ]
9 verbose cache add spec grunt-cli
10 silly cache add parsed spec Result {
10 silly cache add   raw: '-',
10 silly cache add   scope: null,
10 silly cache add   name: null,
10 silly cache add   rawSpec: '-',
10 silly cache add   spec: 'C:\\work\\html\\edwebtools\\edweb\\theme\\-',
10 silly cache add   type: 'local' }
11 silly cache add parsed spec Result {
11 silly cache add   raw: 'grunt-cli',
11 silly cache add   scope: null,
11 silly cache add   name: 'grunt-cli',
11 silly cache add   rawSpec: '',
11 silly cache add   spec: 'latest',
11 silly cache add   type: 'tag' }
12 silly addNamed grunt-cli@latest
13 verbose addNamed "latest" is being treated as a dist-tag for grunt-cli
14 info addNameTag [ 'grunt-cli', 'latest' ]
15 silly mapToRegistry name grunt-cli
16 silly mapToRegistry using default registry
17 silly mapToRegistry registry https://registry.npmjs.org/
18 silly mapToRegistry uri https://registry.npmjs.org/grunt-cli
19 verbose addNameTag registry:https://registry.npmjs.org/grunt-cli not in flight; fetching
20 error addLocal Could not install C:\work\html\edwebtools\edweb\theme\-
21 verbose request uri https://registry.npmjs.org/grunt-cli
22 verbose request no auth needed
23 info attempt registry request try #1 at 8:32:43 AM
24 verbose request id ef93dcc659e23955
25 http request GET https://registry.npmjs.org/grunt-cli
26 http 200 https://registry.npmjs.org/grunt-cli
27 verbose headers { server: 'CouchDB/1.5.0 (Erlang OTP/R16B03)',
27 verbose headers   etag: '"THQBRE5MJ9K444KV4X1N76F"',
27 verbose headers   'content-type': 'application/json',
27 verbose headers   'cache-control': 'max-age=300',
27 verbose headers   'content-length': '24170',
27 verbose headers   'accept-ranges': 'bytes',
27 verbose headers   date: 'Thu, 18 Feb 2016 08:32:43 GMT',
27 verbose headers   via: '1.1 varnish',
27 verbose headers   age: '140',
27 verbose headers   connection: 'keep-alive',
27 verbose headers   'x-served-by': 'cache-lcy1124-LCY',
27 verbose headers   'x-cache': 'HIT',
27 verbose headers   'x-cache-hits': '3',
27 verbose headers   'x-timer': 'S1455784363.603856,VS0,VE0',
27 verbose headers   vary: 'Accept' }
28 silly get cb [ 200,
28 silly get   { server: 'CouchDB/1.5.0 (Erlang OTP/R16B03)',
28 silly get     etag: '"THQBRE5MJ9K444KV4X1N76F"',
28 silly get     'content-type': 'application/json',
28 silly get     'cache-control': 'max-age=300',
28 silly get     'content-length': '24170',
28 silly get     'accept-ranges': 'bytes',
28 silly get     date: 'Thu, 18 Feb 2016 08:32:43 GMT',
28 silly get     via: '1.1 varnish',
28 silly get     age: '140',
28 silly get     connection: 'keep-alive',
28 silly get     'x-served-by': 'cache-lcy1124-LCY',
28 silly get     'x-cache': 'HIT',
28 silly get     'x-cache-hits': '3',
28 silly get     'x-timer': 'S1455784363.603856,VS0,VE0',
28 silly get     vary: 'Accept' } ]
29 verbose get saving grunt-cli to C:\Users\gchrist1\AppData\Roaming\npm-cache\registry.npmjs.org\grunt-cli\.cache.json
30 verbose makeDirectory C:\Users\gchrist1\AppData\Roaming\npm-cache creation not in flight; initializing
31 verbose makeCacheDir UID & GID are irrelevant on win32
32 silly addNameTag next cb for grunt-cli with tag latest
33 silly addNamed grunt-cli@0.1.13
34 verbose addNamed "0.1.13" is a plain semver version for grunt-cli
35 silly mapToRegistry name grunt-cli
36 silly mapToRegistry using default registry
37 silly mapToRegistry registry https://registry.npmjs.org/
38 silly mapToRegistry uri https://registry.npmjs.org/grunt-cli
39 verbose addRemoteTarball https://registry.npmjs.org/grunt-cli/-/grunt-cli-0.1.13.tgz not in flight; adding
40 verbose addRemoteTarball [ 'https://registry.npmjs.org/grunt-cli/-/grunt-cli-0.1.13.tgz',
40 verbose addRemoteTarball   'e9ebc4047631f5012d922770c39378133cad10f4' ]
41 info retry fetch attempt 1 at 8:32:43 AM
42 info attempt registry request try #1 at 8:32:43 AM
43 http fetch GET https://registry.npmjs.org/grunt-cli/-/grunt-cli-0.1.13.tgz
44 http fetch 200 https://registry.npmjs.org/grunt-cli/-/grunt-cli-0.1.13.tgz
45 silly fetchAndShaCheck shasum e9ebc4047631f5012d922770c39378133cad10f4
46 verbose addTmpTarball C:\Users\gchrist1\AppData\Local\Temp\npm-644-a007175c\registry.npmjs.org\grunt-cli\-\grunt-cli-0.1.13.tgz not in flight; adding
47 verbose addTmpTarball already have metadata; skipping unpack for grunt-cli@0.1.13
48 silly cache afterAdd grunt-cli@0.1.13
49 verbose afterAdd C:\Users\gchrist1\AppData\Roaming\npm-cache\grunt-cli\0.1.13\package\package.json not in flight; writing
50 verbose afterAdd C:\Users\gchrist1\AppData\Roaming\npm-cache\grunt-cli\0.1.13\package\package.json written
51 verbose stack Error: ENOENT: no such file or directory, open 'C:\work\html\edwebtools\edweb\theme\-'
51 verbose stack     at Error (native)
52 verbose cwd C:\work\html\edwebtools\edweb\theme
53 error Windows_NT 6.1.7601
54 error argv "C:\\Program Files\\nodejs\\node.exe" "C:\\Program Files\\nodejs\\node_modules\\npm\\bin\\npm-cli.js" "install" "-" "grunt-cli"
55 error node v4.3.1
56 error npm  v2.14.12
57 error path C:\work\html\edwebtools\edweb\theme\-
58 error code ENOENT
59 error errno -4058
60 error syscall open
61 error enoent ENOENT: no such file or directory, open 'C:\work\html\edwebtools\edweb\theme\-'
61 error enoent This is most likely not a problem with npm itself
61 error enoent and is related to npm not being able to find a file.
62 verbose exit [ -4058, true ]
