0 info it worked if it ends with ok
1 verbose cli [ 'C:\\Program Files\\nodejs\\node.exe',
1 verbose cli   'C:\\Program Files\\nodejs\\node_modules\\npm\\bin\\npm-cli.js',
1 verbose cli   'install',
1 verbose cli   '-',
1 verbose cli   'grunt-cli' ]
2 info using npm@2.14.12
3 info using node@v4.3.1
4 verbose install initial load of C:\work\html\edwebtools\edweb\gel\gel.git\package.json
5 verbose readDependencies loading dependencies from C:\work\html\edwebtools\edweb\gel\gel.git\package.json
6 silly cache add args [ '-', null ]
7 verbose cache add spec -
8 silly cache add args [ 'grunt-cli', null ]
9 verbose cache add spec grunt-cli
10 silly cache add parsed spec Result {
10 silly cache add   raw: '-',
10 silly cache add   scope: null,
10 silly cache add   name: null,
10 silly cache add   rawSpec: '-',
10 silly cache add   spec: 'C:\\work\\html\\edwebtools\\edweb\\gel\\gel.git\\-',
10 silly cache add   type: 'local' }
11 silly cache add parsed spec Result {
11 silly cache add   raw: 'grunt-cli',
11 silly cache add   scope: null,
11 silly cache add   name: 'grunt-cli',
11 silly cache add   rawSpec: '',
11 silly cache add   spec: 'latest',
11 silly cache add   type: 'tag' }
12 silly addNamed grunt-cli@latest
13 verbose addNamed "latest" is being treated as a dist-tag for grunt-cli
14 info addNameTag [ 'grunt-cli', 'latest' ]
15 silly mapToRegistry name grunt-cli
16 silly mapToRegistry using default registry
17 silly mapToRegistry registry https://registry.npmjs.org/
18 silly mapToRegistry uri https://registry.npmjs.org/grunt-cli
19 verbose addNameTag registry:https://registry.npmjs.org/grunt-cli not in flight; fetching
20 error addLocal Could not install C:\work\html\edwebtools\edweb\gel\gel.git\-
21 verbose request uri https://registry.npmjs.org/grunt-cli
22 verbose request no auth needed
23 info attempt registry request try #1 at 8:35:03 AM
24 verbose request id a50566d119720828
25 verbose etag "THQBRE5MJ9K444KV4X1N76F"
26 http request GET https://registry.npmjs.org/grunt-cli
27 http 304 https://registry.npmjs.org/grunt-cli
28 verbose headers { date: 'Thu, 18 Feb 2016 08:35:03 GMT',
28 verbose headers   via: '1.1 varnish',
28 verbose headers   'cache-control': 'max-age=300',
28 verbose headers   etag: '"THQBRE5MJ9K444KV4X1N76F"',
28 verbose headers   age: '279',
28 verbose headers   connection: 'keep-alive',
28 verbose headers   'x-served-by': 'cache-lcy1122-LCY',
28 verbose headers   'x-cache': 'HIT',
28 verbose headers   'x-cache-hits': '2',
28 verbose headers   'x-timer': 'S1455784503.097895,VS0,VE0',
28 verbose headers   vary: 'Accept' }
29 silly get cb [ 304,
29 silly get   { date: 'Thu, 18 Feb 2016 08:35:03 GMT',
29 silly get     via: '1.1 varnish',
29 silly get     'cache-control': 'max-age=300',
29 silly get     etag: '"THQBRE5MJ9K444KV4X1N76F"',
29 silly get     age: '279',
29 silly get     connection: 'keep-alive',
29 silly get     'x-served-by': 'cache-lcy1122-LCY',
29 silly get     'x-cache': 'HIT',
29 silly get     'x-cache-hits': '2',
29 silly get     'x-timer': 'S1455784503.097895,VS0,VE0',
29 silly get     vary: 'Accept' } ]
30 verbose etag https://registry.npmjs.org/grunt-cli from cache
31 verbose get saving grunt-cli to C:\Users\gchrist1\AppData\Roaming\npm-cache\registry.npmjs.org\grunt-cli\.cache.json
32 silly addNameTag next cb for grunt-cli with tag latest
33 silly addNamed grunt-cli@0.1.13
34 verbose addNamed "0.1.13" is a plain semver version for grunt-cli
35 silly cache afterAdd grunt-cli@0.1.13
36 verbose afterAdd C:\Users\gchrist1\AppData\Roaming\npm-cache\grunt-cli\0.1.13\package\package.json not in flight; writing
37 verbose afterAdd C:\Users\gchrist1\AppData\Roaming\npm-cache\grunt-cli\0.1.13\package\package.json written
38 verbose stack Error: ENOENT: no such file or directory, open 'C:\work\html\edwebtools\edweb\gel\gel.git\-'
38 verbose stack     at Error (native)
39 verbose cwd C:\work\html\edwebtools\edweb\gel\gel.git
40 error Windows_NT 6.1.7601
41 error argv "C:\\Program Files\\nodejs\\node.exe" "C:\\Program Files\\nodejs\\node_modules\\npm\\bin\\npm-cli.js" "install" "-" "grunt-cli"
42 error node v4.3.1
43 error npm  v2.14.12
44 error path C:\work\html\edwebtools\edweb\gel\gel.git\-
45 error code ENOENT
46 error errno -4058
47 error syscall open
48 error enoent ENOENT: no such file or directory, open 'C:\work\html\edwebtools\edweb\gel\gel.git\-'
48 error enoent This is most likely not a problem with npm itself
48 error enoent and is related to npm not being able to find a file.
49 verbose exit [ -4058, true ]
